<?xml version="1.0" encoding="UTF-8"?>
<!-- Generated by org.testng.reporters.JUnitXMLReporter -->
<testsuite ignored="0" hostname="GOWRISANKAR" failures="3" tests="4" name="Default test" time="32.373" errors="0" timestamp="2025-04-02T17:14:58 IST">
  <testcase classname="io.cucumber.testng.AbstractTestNGCucumberTests" name="runScenario" time="5.969"/>
  <testcase classname="io.cucumber.testng.AbstractTestNGCucumberTests" name="runScenario" time="7.218">
    <failure type="org.junit.ComparisonFailure" message="Error message is incorrect expected:&amp;lt;[]Password is required&amp;gt; but was:&amp;lt;[Epic sadface: ]Password is required&amp;gt;">
      <![CDATA[org.junit.ComparisonFailure: Error message is incorrect expected:<[]Password is required> but was:<[Epic sadface: ]Password is required>
at org.junit.Assert.assertEquals(Assert.java:117)
at cucumber_pro2.loginpage.user_will_see_an_error_message(loginpage.java:54)
at ✽.user will see an "Password is required"(file:///C:/Users/GOWRISANKAR/eclipse-cucumber/cucumber_pro2/src/test/resources/com/feature/loginpage.feature:20)
]]>
    </failure>
  </testcase> <!-- runScenario -->
  <testcase classname="io.cucumber.testng.AbstractTestNGCucumberTests" name="runScenario" time="11.917">
    <failure type="org.junit.ComparisonFailure" message="Error message is incorrect expected:&amp;lt;[]Username is required&amp;gt; but was:&amp;lt;[Epic sadface: ]Username is required&amp;gt;">
      <![CDATA[org.junit.ComparisonFailure: Error message is incorrect expected:<[]Username is required> but was:<[Epic sadface: ]Username is required>
at org.junit.Assert.assertEquals(Assert.java:117)
at cucumber_pro2.loginpage.user_will_see_an_error_message(loginpage.java:54)
at ✽.user will see an "Username is required"(file:///C:/Users/GOWRISANKAR/eclipse-cucumber/cucumber_pro2/src/test/resources/com/feature/loginpage.feature:20)
]]>
    </failure>
  </testcase> <!-- runScenario -->
  <testcase classname="io.cucumber.testng.AbstractTestNGCucumberTests" name="runScenario" time="6.734">
    <failure type="org.junit.ComparisonFailure" message="Error message is incorrect expected:&amp;lt;[]Username and passwor...&amp;gt; but was:&amp;lt;[Epic sadface: ]Username and passwor...&amp;gt;">
      <![CDATA[org.junit.ComparisonFailure: Error message is incorrect expected:<[]Username and passwor...> but was:<[Epic sadface: ]Username and passwor...>
at org.junit.Assert.assertEquals(Assert.java:117)
at cucumber_pro2.loginpage.user_will_see_an_error_message(loginpage.java:54)
at ✽.user will see an "Username and password do not match any user in this service"(file:///C:/Users/GOWRISANKAR/eclipse-cucumber/cucumber_pro2/src/test/resources/com/feature/loginpage.feature:20)
]]>
    </failure>
  </testcase> <!-- runScenario -->
</testsuite> <!-- Default test -->
